  actor.cpp
d:\ku\classes\eecs_448\projects\rose\rose\actor.cpp(55): warning C4244: 'return': conversion from 'const int' to 'float', possible loss of data
d:\ku\classes\eecs_448\projects\rose\rose\actor.cpp(80): warning C4244: '=': conversion from 'float' to 'int', possible loss of data
d:\ku\classes\eecs_448\projects\rose\rose\actor.cpp(81): warning C4244: '=': conversion from 'float' to 'int', possible loss of data
  attacker.cpp
  CharacterStats.cpp
  Cowboy.cpp
  Enemy.cpp
  game.cpp
d:\ku\classes\eecs_448\projects\rose\rose\link.h(39): error C4596: 'getPos': illegal qualified name in member declaration
  link.cpp
d:\ku\classes\eecs_448\projects\rose\rose\link.h(39): error C4596: 'getPos': illegal qualified name in member declaration
  log.cpp
  main.cpp
d:\ku\classes\eecs_448\projects\rose\rose\link.h(39): error C4596: 'getPos': illegal qualified name in member declaration
  MainCharacter.cpp
  MainCharacterTextures.cpp
  map.cpp
  Skeleton.cpp
  tile.cpp
